<?xml version="1.0" encoding="UTF-8"?>
<!-- Generated by org.testng.reporters.JUnitReportReporter -->
<testsuite hostname="LAPTOP-T22IKJNC" failures="0" tests="4" name="trainingSel.SeleniumTraining.TestNG_DataProvider" time="0.018" errors="0" timestamp="2021-10-12T14:00:50 IST" skipped="0">
  <testcase classname="trainingSel.SeleniumTraining.TestNG_DataProvider" name="testMethod2" time="0.002"/>
  <system-out/>
  <testcase classname="trainingSel.SeleniumTraining.TestNG_DataProvider" name="testMethod3" time="0.001"/>
  <system-out/>
  <testcase classname="trainingSel.SeleniumTraining.TestNG_DataProvider" name="testMethod2" time="0.001"/>
  <system-out/>
  <testcase classname="trainingSel.SeleniumTraining.TestNG_DataProvider" name="testMethod1" time="0.014"/>
  <system-out/>
</testsuite> <!-- trainingSel.SeleniumTraining.TestNG_DataProvider -->
