<?xml version="1.0" encoding="UTF-8"?>
<!-- Generated by org.testng.reporters.JUnitReportReporter -->
<testsuite hostname="LAPTOP-T22IKJNC" failures="0" tests="3" name="trainingSel.SeleniumTraining.TestNG_1" time="0.016" errors="0" timestamp="2021-10-12T13:51:15 IST" skipped="0">
  <testcase classname="trainingSel.SeleniumTraining.TestNG_1" name="testMethod3" time="0.009"/>
  <system-out/>
  <testcase classname="trainingSel.SeleniumTraining.TestNG_1" name="testMethod2" time="0.005"/>
  <system-out/>
  <testcase classname="trainingSel.SeleniumTraining.TestNG_1" name="testMethod1" time="0.002"/>
  <system-out/>
</testsuite> <!-- trainingSel.SeleniumTraining.TestNG_1 -->
